{"name":"teardown","status":"broken","statusDetails":{"known":false,"muted":false,"flaky":false,"message":"javax.mail.MessagingException: IOException while sending message;\n  nested exception is:\n\tjava.io.FileNotFoundException: /Users/manojmansukh/IdeaProjects/BooksWagon_WebApp_Automate/nullExtentReportResults.html/nullExtentReportResults.html (Not a directory)","trace":"java.lang.RuntimeException: javax.mail.MessagingException: IOException while sending message;\n  nested exception is:\n\tjava.io.FileNotFoundException: /Users/manojmansukh/IdeaProjects/BooksWagon_WebApp_Automate/nullExtentReportResults.html/nullExtentReportResults.html (Not a directory)\n\tat com.bridgelabz.utils.Send_TestReport_By_Email.sendEmail(Send_TestReport_By_Email.java:95)\n\tat com.bridgelabz.base.Base.teardown(Base.java:38)\n\tat sun.reflect.NativeMethodAccessorImpl.invoke0(Native Method)\n\tat sun.reflect.NativeMethodAccessorImpl.invoke(NativeMethodAccessorImpl.java:62)\n\tat sun.reflect.DelegatingMethodAccessorImpl.invoke(DelegatingMethodAccessorImpl.java:43)\n\tat java.lang.reflect.Method.invoke(Method.java:498)\n\tat org.testng.internal.MethodInvocationHelper.invokeMethod(MethodInvocationHelper.java:134)\n\tat org.testng.internal.MethodInvocationHelper.invokeMethodConsideringTimeout(MethodInvocationHelper.java:63)\n\tat org.testng.internal.ConfigInvoker.invokeConfigurationMethod(ConfigInvoker.java:348)\n\tat org.testng.internal.ConfigInvoker.invokeConfigurations(ConfigInvoker.java:302)\n\tat org.testng.TestRunner.invokeTestConfigurations(TestRunner.java:619)\n\tat org.testng.TestRunner.afterRun(TestRunner.java:849)\n\tat org.testng.TestRunner.run(TestRunner.java:590)\n\tat org.testng.SuiteRunner.runTest(SuiteRunner.java:384)\n\tat org.testng.SuiteRunner.runSequentially(SuiteRunner.java:378)\n\tat org.testng.SuiteRunner.privateRun(SuiteRunner.java:337)\n\tat org.testng.SuiteRunner.run(SuiteRunner.java:286)\n\tat org.testng.SuiteRunnerWorker.runSuite(SuiteRunnerWorker.java:53)\n\tat org.testng.SuiteRunnerWorker.run(SuiteRunnerWorker.java:96)\n\tat org.testng.TestNG.runSuitesSequentially(TestNG.java:1187)\n\tat org.testng.TestNG.runSuitesLocally(TestNG.java:1109)\n\tat org.testng.TestNG.runSuites(TestNG.java:1039)\n\tat org.testng.TestNG.run(TestNG.java:1007)\n\tat com.intellij.rt.testng.IDEARemoteTestNG.run(IDEARemoteTestNG.java:66)\n\tat com.intellij.rt.testng.RemoteTestNGStarter.main(RemoteTestNGStarter.java:109)\nCaused by: javax.mail.MessagingException: IOException while sending message;\n  nested exception is:\n\tjava.io.FileNotFoundException: /Users/manojmansukh/IdeaProjects/BooksWagon_WebApp_Automate/nullExtentReportResults.html/nullExtentReportResults.html (Not a directory)\n\tat com.sun.mail.smtp.SMTPTransport.sendMessage(SMTPTransport.java:1365)\n\tat javax.mail.Transport.send0(Transport.java:255)\n\tat javax.mail.Transport.send(Transport.java:124)\n\tat com.bridgelabz.utils.Send_TestReport_By_Email.sendEmail(Send_TestReport_By_Email.java:90)\n\t... 24 more\nCaused by: java.io.FileNotFoundException: /Users/manojmansukh/IdeaProjects/BooksWagon_WebApp_Automate/nullExtentReportResults.html/nullExtentReportResults.html (Not a directory)\n\tat java.io.FileInputStream.open0(Native Method)\n\tat java.io.FileInputStream.open(FileInputStream.java:195)\n\tat java.io.FileInputStream.<init>(FileInputStream.java:138)\n\tat javax.activation.FileDataSource.getInputStream(FileDataSource.java:97)\n\tat javax.activation.DataHandler.writeTo(DataHandler.java:305)\n\tat javax.mail.internet.MimeBodyPart.writeTo(MimeBodyPart.java:1694)\n\tat javax.mail.internet.MimeBodyPart.writeTo(MimeBodyPart.java:996)\n\tat javax.mail.internet.MimeMultipart.writeTo(MimeMultipart.java:561)\n\tat com.sun.mail.handlers.multipart_mixed.writeTo(multipart_mixed.java:84)\n\tat javax.activation.ObjectDataContentHandler.writeTo(DataHandler.java:889)\n\tat javax.activation.DataHandler.writeTo(DataHandler.java:317)\n\tat javax.mail.internet.MimeBodyPart.writeTo(MimeBodyPart.java:1694)\n\tat javax.mail.internet.MimeMessage.writeTo(MimeMessage.java:1913)\n\tat com.sun.mail.smtp.SMTPTransport.sendMessage(SMTPTransport.java:1315)\n\t... 27 more\n"},"stage":"finished","steps":[],"attachments":[],"parameters":[],"start":1624953288116,"stop":1624953288118,"uuid":"dc844aec-0a38-41fe-ae13-47462c2a07e9","historyId":"c4e251b22452ca5917ab242ddcba81ba","fullName":"com.bridgelabz.base.Base.teardown","labels":[{"name":"package","value":"com.bridgelabz.test.BooksWagonCartUpdateTest"},{"name":"testClass","value":"com.bridgelabz.test.BooksWagonCartUpdateTest"},{"name":"testMethod","value":"teardown"},{"name":"parentSuite","value":"Default Suite"},{"name":"suite","value":"BooksWagon_WebApp_Automate"},{"name":"subSuite","value":"com.bridgelabz.test.BooksWagonCartUpdateTest"},{"name":"host","value":"Manojs-MacBook-Air.local"},{"name":"thread","value":"36942@Manojs-MacBook-Air.local.main(1)"},{"name":"framework","value":"testng"},{"name":"language","value":"java"},{"name":"AS_ID","value":"-1"}],"links":[]}